status: numérico - ambos
duration: numérico - subir
credit_history: numérico - subir
purpose: numérico - ambos
amount: numérico - bajar
savings: numérico - subir
employment_duration: numérico - subir
installment_rate: numérico - subir
personal_status_sex: numérico - ambos
other_debtors: numérico - subir
present_residence: numérico - ambos
property: numérico - ambos
age: numérico - ambos
other_installment_plans: numérico - subir
housing: numérico - ambos
number_credits: numérico - bajar
job: numérico - subir
people_liable: numérico - subir
telephone: numérico - subir
foreign_worker: numérico - subir
credit_risk: numérico - subir
